{"uid":"228af283fe12ed95","name":"Verify \"Contact Us\" section CTA redirect -- @1.1 ","fullName":"Homepage marketing content and layout: Verify \"Contact Us\" section CTA redirect","historyId":"1a3aa5d98b85428c9a4788eceb35b36a","time":{"start":1770813056591,"stop":1770813060277,"duration":3686},"status":"broken","statusMessage":"selenium.common.exceptions.ElementClickInterceptedException: Message: element click intercepted: Element <a class=\"button\" href=\"/contact-us/\" target=\"\">...</a> is not clickable at point (1266, 918). Other element would receive the click: <co-pilot platform-id=\"95efe4b1-cf9e-4a79-89dd-26c6f5365416\" user-id=\"16306dfc-99a9-4c09-a69c-ee12454f1ed4\" chatbot-id=\"f0b788ac-0560-4ba3-924e-67bb8248d044\" is-local=\"false\">...</co-pilot>\n  (Session info: chrome=144.0.7559.109); For documentation on this error, please visit: https://www.selenium.dev/documentation/webdriver/troubleshooting/errors#elementclickinterceptedexception\nStacktrace:\n#0 0x55d1533dd4ba <unknown>\n#1 0x55d152e46492 <unknown>\n#2 0x55d152ea2c9b <unknown>\n#3 0x55d152ea08d2 <unknown>\n#4 0x55d152e9de09 <unknown>\n#5 0x55d152e9cf07 <unknown>\n#6 0x55d152e8f792 <unknown>\n#7 0x55d152e8f0d7 <unknown>\n#8 0x55d152ee4700 <unknown>\n#9 0x55d152e8d6a2 <unknown>\n#10 0x55d152e8e491 <unknown>\n#11 0x55d1533a3479 <unknown>\n#12 0x55d1533a6391 <unknown>\n#13 0x55d15338fa89 <unknown>\n#14 0x55d1533a6f4e <unknown>\n#15 0x55d153376070 <unknown>\n#16 0x55d1533caca8 <unknown>\n#17 0x55d1533cae78 <unknown>\n#18 0x55d1533dc828 <unknown>\n#19 0x7f069429caa4 <unknown>\n#20 0x7f0694329c6c <unknown>\n\n","statusTrace":"  File \"/opt/hostedtoolcache/Python/3.10.19/x64/lib/python3.10/site-packages/behave/model.py\", line 1991, in run\n    match.run(runner.context)\n  File \"/opt/hostedtoolcache/Python/3.10.19/x64/lib/python3.10/site-packages/behave/matchers.py\", line 105, in run\n    self.func(context, *args, **kwargs)\n  File \"features/steps/homepage_step.py\", line 66, in step_impl\n    context.homepage.click_element(context.homepage.locators[element_name])\n  File \"/home/runner/work/unipro-automation-framework/unipro-automation-framework/pages/base_page.py\", line 68, in click_element\n    return self.wait.until(EC.element_to_be_clickable(locator)).click()\n  File \"/opt/hostedtoolcache/Python/3.10.19/x64/lib/python3.10/site-packages/selenium/webdriver/remote/webelement.py\", line 114, in click\n    self._execute(Command.CLICK_ELEMENT)\n  File \"/opt/hostedtoolcache/Python/3.10.19/x64/lib/python3.10/site-packages/selenium/webdriver/remote/webelement.py\", line 508, in _execute\n    return self._parent.execute(command, params)\n  File \"/opt/hostedtoolcache/Python/3.10.19/x64/lib/python3.10/site-packages/selenium/webdriver/remote/webdriver.py\", line 432, in execute\n    self.error_handler.check_response(response)\n  File \"/opt/hostedtoolcache/Python/3.10.19/x64/lib/python3.10/site-packages/selenium/webdriver/remote/errorhandler.py\", line 232, in check_response\n    raise exception_class(message, screen, stacktrace)\n","flaky":false,"newFailed":false,"newBroken":false,"newPassed":false,"retriesCount":0,"retriesStatusChange":false,"beforeStages":[],"testStage":{"status":"broken","statusMessage":"selenium.common.exceptions.ElementClickInterceptedException: Message: element click intercepted: Element <a class=\"button\" href=\"/contact-us/\" target=\"\">...</a> is not clickable at point (1266, 918). Other element would receive the click: <co-pilot platform-id=\"95efe4b1-cf9e-4a79-89dd-26c6f5365416\" user-id=\"16306dfc-99a9-4c09-a69c-ee12454f1ed4\" chatbot-id=\"f0b788ac-0560-4ba3-924e-67bb8248d044\" is-local=\"false\">...</co-pilot>\n  (Session info: chrome=144.0.7559.109); For documentation on this error, please visit: https://www.selenium.dev/documentation/webdriver/troubleshooting/errors#elementclickinterceptedexception\nStacktrace:\n#0 0x55d1533dd4ba <unknown>\n#1 0x55d152e46492 <unknown>\n#2 0x55d152ea2c9b <unknown>\n#3 0x55d152ea08d2 <unknown>\n#4 0x55d152e9de09 <unknown>\n#5 0x55d152e9cf07 <unknown>\n#6 0x55d152e8f792 <unknown>\n#7 0x55d152e8f0d7 <unknown>\n#8 0x55d152ee4700 <unknown>\n#9 0x55d152e8d6a2 <unknown>\n#10 0x55d152e8e491 <unknown>\n#11 0x55d1533a3479 <unknown>\n#12 0x55d1533a6391 <unknown>\n#13 0x55d15338fa89 <unknown>\n#14 0x55d1533a6f4e <unknown>\n#15 0x55d153376070 <unknown>\n#16 0x55d1533caca8 <unknown>\n#17 0x55d1533cae78 <unknown>\n#18 0x55d1533dc828 <unknown>\n#19 0x7f069429caa4 <unknown>\n#20 0x7f0694329c6c <unknown>\n\n","statusTrace":"  File \"/opt/hostedtoolcache/Python/3.10.19/x64/lib/python3.10/site-packages/behave/model.py\", line 1991, in run\n    match.run(runner.context)\n  File \"/opt/hostedtoolcache/Python/3.10.19/x64/lib/python3.10/site-packages/behave/matchers.py\", line 105, in run\n    self.func(context, *args, **kwargs)\n  File \"features/steps/homepage_step.py\", line 66, in step_impl\n    context.homepage.click_element(context.homepage.locators[element_name])\n  File \"/home/runner/work/unipro-automation-framework/unipro-automation-framework/pages/base_page.py\", line 68, in click_element\n    return self.wait.until(EC.element_to_be_clickable(locator)).click()\n  File \"/opt/hostedtoolcache/Python/3.10.19/x64/lib/python3.10/site-packages/selenium/webdriver/remote/webelement.py\", line 114, in click\n    self._execute(Command.CLICK_ELEMENT)\n  File \"/opt/hostedtoolcache/Python/3.10.19/x64/lib/python3.10/site-packages/selenium/webdriver/remote/webelement.py\", line 508, in _execute\n    return self._parent.execute(command, params)\n  File \"/opt/hostedtoolcache/Python/3.10.19/x64/lib/python3.10/site-packages/selenium/webdriver/remote/webdriver.py\", line 432, in execute\n    self.error_handler.check_response(response)\n  File \"/opt/hostedtoolcache/Python/3.10.19/x64/lib/python3.10/site-packages/selenium/webdriver/remote/errorhandler.py\", line 232, in check_response\n    raise exception_class(message, screen, stacktrace)\n","steps":[{"name":"Given the user navigates to the Home page","time":{"start":1770813056843,"stop":1770813059054,"duration":2211},"status":"passed","steps":[],"attachments":[],"parameters":[],"stepsCount":0,"shouldDisplayMessage":false,"attachmentsCount":0,"hasContent":false,"attachmentStep":false},{"name":"Then the CTA button navigates to \"https://www.unipro.io/contact-us/\"","time":{"start":1770813059054,"stop":1770813060214,"duration":1160},"status":"broken","statusMessage":"selenium.common.exceptions.ElementClickInterceptedException: Message: element click intercepted: Element <a class=\"button\" href=\"/contact-us/\" target=\"\">...</a> is not clickable at point (1266, 918). Other element would receive the click: <co-pilot platform-id=\"95efe4b1-cf9e-4a79-89dd-26c6f5365416\" user-id=\"16306dfc-99a9-4c09-a69c-ee12454f1ed4\" chatbot-id=\"f0b788ac-0560-4ba3-924e-67bb8248d044\" is-local=\"false\">...</co-pilot>\n  (Session info: chrome=144.0.7559.109); For documentation on this error, please visit: https://www.selenium.dev/documentation/webdriver/troubleshooting/errors#elementclickinterceptedexception\nStacktrace:\n#0 0x55d1533dd4ba <unknown>\n#1 0x55d152e46492 <unknown>\n#2 0x55d152ea2c9b <unknown>\n#3 0x55d152ea08d2 <unknown>\n#4 0x55d152e9de09 <unknown>\n#5 0x55d152e9cf07 <unknown>\n#6 0x55d152e8f792 <unknown>\n#7 0x55d152e8f0d7 <unknown>\n#8 0x55d152ee4700 <unknown>\n#9 0x55d152e8d6a2 <unknown>\n#10 0x55d152e8e491 <unknown>\n#11 0x55d1533a3479 <unknown>\n#12 0x55d1533a6391 <unknown>\n#13 0x55d15338fa89 <unknown>\n#14 0x55d1533a6f4e <unknown>\n#15 0x55d153376070 <unknown>\n#16 0x55d1533caca8 <unknown>\n#17 0x55d1533cae78 <unknown>\n#18 0x55d1533dc828 <unknown>\n#19 0x7f069429caa4 <unknown>\n#20 0x7f0694329c6c <unknown>\n\n","statusTrace":"  File \"/opt/hostedtoolcache/Python/3.10.19/x64/lib/python3.10/site-packages/behave/model.py\", line 1991, in run\n    match.run(runner.context)\n  File \"/opt/hostedtoolcache/Python/3.10.19/x64/lib/python3.10/site-packages/behave/matchers.py\", line 105, in run\n    self.func(context, *args, **kwargs)\n  File \"features/steps/homepage_step.py\", line 66, in step_impl\n    context.homepage.click_element(context.homepage.locators[element_name])\n  File \"/home/runner/work/unipro-automation-framework/unipro-automation-framework/pages/base_page.py\", line 68, in click_element\n    return self.wait.until(EC.element_to_be_clickable(locator)).click()\n  File \"/opt/hostedtoolcache/Python/3.10.19/x64/lib/python3.10/site-packages/selenium/webdriver/remote/webelement.py\", line 114, in click\n    self._execute(Command.CLICK_ELEMENT)\n  File \"/opt/hostedtoolcache/Python/3.10.19/x64/lib/python3.10/site-packages/selenium/webdriver/remote/webelement.py\", line 508, in _execute\n    return self._parent.execute(command, params)\n  File \"/opt/hostedtoolcache/Python/3.10.19/x64/lib/python3.10/site-packages/selenium/webdriver/remote/webdriver.py\", line 432, in execute\n    self.error_handler.check_response(response)\n  File \"/opt/hostedtoolcache/Python/3.10.19/x64/lib/python3.10/site-packages/selenium/webdriver/remote/errorhandler.py\", line 232, in check_response\n    raise exception_class(message, screen, stacktrace)\n","steps":[],"attachments":[{"uid":"5e485e1d051e92ed","name":"Screenshot","source":"5e485e1d051e92ed.png","type":"image/png","size":89861}],"parameters":[],"stepsCount":0,"shouldDisplayMessage":true,"attachmentsCount":1,"hasContent":true,"attachmentStep":false}],"attachments":[],"parameters":[],"stepsCount":2,"shouldDisplayMessage":false,"attachmentsCount":1,"hasContent":true,"attachmentStep":false},"afterStages":[],"labels":[{"name":"severity","value":"normal"},{"name":"tag","value":"cta-section"},{"name":"tag","value":"homepage"},{"name":"tag","value":"navigation"},{"name":"feature","value":"Homepage marketing content and layout"},{"name":"framework","value":"behave"},{"name":"language","value":"cpython3"},{"name":"resultFormat","value":"allure2"}],"parameters":[{"name":"element_name","value":"CTA button"},{"name":"expected_url","value":"https://www.unipro.io/contact-us/"}],"links":[],"hidden":false,"retry":false,"extra":{"severity":"normal","retries":[],"categories":[{"name":"Test defects","matchedStatuses":[],"flaky":false}],"history":{"statistic":{"failed":0,"broken":2,"skipped":0,"passed":0,"unknown":0,"total":2},"items":[{"uid":"622d6bdc334266a7","reportUrl":"https://Lekraj-Busawah.github.io/unipro-automation-framework/11/#testresult/622d6bdc334266a7","status":"broken","statusDetails":"selenium.common.exceptions.ElementClickInterceptedException: Message: element click intercepted: Element <a class=\"button\" href=\"/contact-us/\" target=\"\">...</a> is not clickable at point (1266, 918). Other element would receive the click: <co-pilot platform-id=\"95efe4b1-cf9e-4a79-89dd-26c6f5365416\" user-id=\"16306dfc-99a9-4c09-a69c-ee12454f1ed4\" chatbot-id=\"f0b788ac-0560-4ba3-924e-67bb8248d044\" is-local=\"false\">...</co-pilot>\n  (Session info: chrome=144.0.7559.109); For documentation on this error, please visit: https://www.selenium.dev/documentation/webdriver/troubleshooting/errors#elementclickinterceptedexception\nStacktrace:\n#0 0x55ee771824ba <unknown>\n#1 0x55ee76beb492 <unknown>\n#2 0x55ee76c47c9b <unknown>\n#3 0x55ee76c458d2 <unknown>\n#4 0x55ee76c42e09 <unknown>\n#5 0x55ee76c41f07 <unknown>\n#6 0x55ee76c34792 <unknown>\n#7 0x55ee76c340d7 <unknown>\n#8 0x55ee76c89700 <unknown>\n#9 0x55ee76c326a2 <unknown>\n#10 0x55ee76c33491 <unknown>\n#11 0x55ee77148479 <unknown>\n#12 0x55ee7714b391 <unknown>\n#13 0x55ee77134a89 <unknown>\n#14 0x55ee7714bf4e <unknown>\n#15 0x55ee7711b070 <unknown>\n#16 0x55ee7716fca8 <unknown>\n#17 0x55ee7716fe78 <unknown>\n#18 0x55ee77181828 <unknown>\n#19 0x7f95c069caa4 <unknown>\n#20 0x7f95c0729c6c <unknown>\n\n","time":{"start":1770812722647,"stop":1770812726443,"duration":3796}}]},"tags":["cta-section","navigation","homepage"]},"source":"228af283fe12ed95.json","parameterValues":["CTA button","https://www.unipro.io/contact-us/"]}